{"C:\\Users\\salabano\\OneDrive - Capgemini\\Desktop\\Foodclone\\React\\src\\components\\Body.js": {"path":"C:\\Users\\salabano\\OneDrive - Capgemini\\Desktop\\Foodclone\\React\\src\\components\\Body.js","statementMap":{"0":{"start":{"line":10,"column":13},"end":{"line":73,"column":1}},"1":{"start":{"line":11,"column":36},"end":{"line":11,"column":48}},"2":{"start":{"line":12,"column":40},"end":{"line":12,"column":52}},"3":{"start":{"line":13,"column":52},"end":{"line":13,"column":64}},"4":{"start":{"line":15,"column":2},"end":{"line":17,"column":9}},"5":{"start":{"line":16,"column":4},"end":{"line":16,"column":16}},"6":{"start":{"line":19,"column":20},"end":{"line":27,"column":3}},"7":{"start":{"line":20,"column":21},"end":{"line":20,"column":49}},"8":{"start":{"line":21,"column":17},"end":{"line":21,"column":38}},"9":{"start":{"line":23,"column":6},"end":{"line":24,"column":8}},"10":{"start":{"line":25,"column":4},"end":{"line":25,"column":34}},"11":{"start":{"line":26,"column":4},"end":{"line":26,"column":42}},"12":{"start":{"line":29,"column":23},"end":{"line":39,"column":3}},"13":{"start":{"line":30,"column":30},"end":{"line":37,"column":5}},"14":{"start":{"line":32,"column":8},"end":{"line":36,"column":46}},"15":{"start":{"line":38,"column":4},"end":{"line":38,"column":79}},"16":{"start":{"line":41,"column":2},"end":{"line":41,"column":25}},"17":{"start":{"line":42,"column":17},"end":{"line":42,"column":34}},"18":{"start":{"line":43,"column":2},"end":{"line":45,"column":3}},"19":{"start":{"line":44,"column":4},"end":{"line":44,"column":40}},"20":{"start":{"line":47,"column":2},"end":{"line":49,"column":3}},"21":{"start":{"line":48,"column":4},"end":{"line":48,"column":23}},"22":{"start":{"line":50,"column":2},"end":{"line":72,"column":4}},"23":{"start":{"line":57,"column":27},"end":{"line":57,"column":57}},"24":{"start":{"line":66,"column":10},"end":{"line":68,"column":17}}},"fnMap":{"0":{"name":"(anonymous_0)","decl":{"start":{"line":10,"column":13},"end":{"line":10,"column":14}},"loc":{"start":{"line":10,"column":19},"end":{"line":73,"column":1}},"line":10},"1":{"name":"(anonymous_1)","decl":{"start":{"line":15,"column":12},"end":{"line":15,"column":13}},"loc":{"start":{"line":15,"column":18},"end":{"line":17,"column":3}},"line":15},"2":{"name":"(anonymous_2)","decl":{"start":{"line":19,"column":20},"end":{"line":19,"column":21}},"loc":{"start":{"line":19,"column":32},"end":{"line":27,"column":3}},"line":19},"3":{"name":"(anonymous_3)","decl":{"start":{"line":29,"column":23},"end":{"line":29,"column":24}},"loc":{"start":{"line":29,"column":29},"end":{"line":39,"column":3}},"line":29},"4":{"name":"(anonymous_4)","decl":{"start":{"line":31,"column":6},"end":{"line":31,"column":7}},"loc":{"start":{"line":32,"column":8},"end":{"line":36,"column":46}},"line":32},"5":{"name":"(anonymous_5)","decl":{"start":{"line":57,"column":20},"end":{"line":57,"column":21}},"loc":{"start":{"line":57,"column":27},"end":{"line":57,"column":57}},"line":57},"6":{"name":"(anonymous_6)","decl":{"start":{"line":65,"column":31},"end":{"line":65,"column":32}},"loc":{"start":{"line":66,"column":10},"end":{"line":68,"column":17}},"line":66}},"branchMap":{"0":{"loc":{"start":{"line":23,"column":6},"end":{"line":24,"column":8}},"type":"binary-expr","locations":[{"start":{"line":23,"column":6},"end":{"line":23,"column":77}},{"start":{"line":24,"column":6},"end":{"line":24,"column":8}}],"line":23},"1":{"loc":{"start":{"line":32,"column":8},"end":{"line":36,"column":46}},"type":"binary-expr","locations":[{"start":{"line":32,"column":8},"end":{"line":32,"column":72}},{"start":{"line":33,"column":8},"end":{"line":36,"column":46}}],"line":32},"2":{"loc":{"start":{"line":38,"column":25},"end":{"line":38,"column":77}},"type":"cond-expr","locations":[{"start":{"line":38,"column":46},"end":{"line":38,"column":65}},{"start":{"line":38,"column":68},"end":{"line":38,"column":77}}],"line":38},"3":{"loc":{"start":{"line":43,"column":2},"end":{"line":45,"column":3}},"type":"if","locations":[{"start":{"line":43,"column":2},"end":{"line":45,"column":3}},{"start":{},"end":{}}],"line":43},"4":{"loc":{"start":{"line":47,"column":2},"end":{"line":49,"column":3}},"type":"if","locations":[{"start":{"line":47,"column":2},"end":{"line":49,"column":3}},{"start":{},"end":{}}],"line":47}},"s":{"0":1,"1":2,"2":2,"3":2,"4":2,"5":1,"6":2,"7":1,"8":1,"9":1,"10":1,"11":1,"12":2,"13":0,"14":0,"15":0,"16":2,"17":2,"18":2,"19":0,"20":2,"21":2,"22":0,"23":0,"24":0},"f":{"0":2,"1":1,"2":1,"3":0,"4":0,"5":0,"6":0},"b":{"0":[1,1],"1":[0,0],"2":[0,0],"3":[0,2],"4":[2,0]},"_coverageSchema":"1a1c01bbd47fc00a2c39e90264f33305004495a9","hash":"6aa0b43dc13227690894fa115bd8f69a7a70779c"}
,"C:\\Users\\salabano\\OneDrive - Capgemini\\Desktop\\Foodclone\\React\\src\\components\\RestaurentCard.js": {"path":"C:\\Users\\salabano\\OneDrive - Capgemini\\Desktop\\Foodclone\\React\\src\\components\\RestaurentCard.js","statementMap":{"0":{"start":{"line":3,"column":23},"end":{"line":34,"column":1}},"1":{"start":{"line":4,"column":59},"end":{"line":4,"column":72}},"2":{"start":{"line":5,"column":24},"end":{"line":5,"column":42}},"3":{"start":{"line":9,"column":2},"end":{"line":33,"column":4}}},"fnMap":{"0":{"name":"(anonymous_0)","decl":{"start":{"line":3,"column":23},"end":{"line":3,"column":24}},"loc":{"start":{"line":3,"column":40},"end":{"line":34,"column":1}},"line":3}},"branchMap":{},"s":{"0":1,"1":0,"2":0,"3":0},"f":{"0":0},"b":{},"_coverageSchema":"1a1c01bbd47fc00a2c39e90264f33305004495a9","hash":"ad4f8f9109fb0049e56f55bbda2d946217652e72"}
,"C:\\Users\\salabano\\OneDrive - Capgemini\\Desktop\\Foodclone\\React\\src\\components\\Shimmer.js": {"path":"C:\\Users\\salabano\\OneDrive - Capgemini\\Desktop\\Foodclone\\React\\src\\components\\Shimmer.js","statementMap":{"0":{"start":{"line":1,"column":16},"end":{"line":14,"column":1}},"1":{"start":{"line":2,"column":2},"end":{"line":13,"column":4}},"2":{"start":{"line":5,"column":8},"end":{"line":10,"column":14}}},"fnMap":{"0":{"name":"(anonymous_0)","decl":{"start":{"line":1,"column":16},"end":{"line":1,"column":17}},"loc":{"start":{"line":1,"column":22},"end":{"line":14,"column":1}},"line":1},"1":{"name":"(anonymous_1)","decl":{"start":{"line":4,"column":38},"end":{"line":4,"column":39}},"loc":{"start":{"line":5,"column":8},"end":{"line":10,"column":14}},"line":5}},"branchMap":{},"s":{"0":1,"1":2,"2":20},"f":{"0":2,"1":20},"b":{},"_coverageSchema":"1a1c01bbd47fc00a2c39e90264f33305004495a9","hash":"b151f852c9cfc98d014e55df4af8721dabe398cd"}
,"C:\\Users\\salabano\\OneDrive - Capgemini\\Desktop\\Foodclone\\React\\src\\components\\SignIn.js": {"path":"C:\\Users\\salabano\\OneDrive - Capgemini\\Desktop\\Foodclone\\React\\src\\components\\SignIn.js","statementMap":{"0":{"start":{"line":3,"column":15},"end":{"line":39,"column":1}},"1":{"start":{"line":4,"column":2},"end":{"line":38,"column":4}}},"fnMap":{"0":{"name":"(anonymous_0)","decl":{"start":{"line":3,"column":15},"end":{"line":3,"column":16}},"loc":{"start":{"line":3,"column":36},"end":{"line":39,"column":1}},"line":3}},"branchMap":{},"s":{"0":1,"1":1},"f":{"0":1},"b":{},"_coverageSchema":"1a1c01bbd47fc00a2c39e90264f33305004495a9","hash":"05e88c48a6e7d2668da27525730e23096596791e"}
,"C:\\Users\\salabano\\OneDrive - Capgemini\\Desktop\\Foodclone\\React\\src\\utils\\constants.js": {"path":"C:\\Users\\salabano\\OneDrive - Capgemini\\Desktop\\Foodclone\\React\\src\\utils\\constants.js","statementMap":{"0":{"start":{"line":2,"column":2},"end":{"line":2,"column":93}},"1":{"start":{"line":5,"column":2},"end":{"line":5,"column":59}},"2":{"start":{"line":8,"column":2},"end":{"line":8,"column":96}},"3":{"start":{"line":11,"column":2},"end":{"line":11,"column":85}},"4":{"start":{"line":13,"column":2},"end":{"line":13,"column":125}},"5":{"start":{"line":16,"column":2},"end":{"line":16,"column":136}}},"fnMap":{},"branchMap":{},"s":{"0":1,"1":1,"2":1,"3":1,"4":1,"5":1},"f":{},"b":{},"_coverageSchema":"1a1c01bbd47fc00a2c39e90264f33305004495a9","hash":"3caa853c174180935f32d6d66fdd2dd99fb11d23"}
,"C:\\Users\\salabano\\OneDrive - Capgemini\\Desktop\\Foodclone\\React\\src\\utils\\useOnlineStatus.js": {"path":"C:\\Users\\salabano\\OneDrive - Capgemini\\Desktop\\Foodclone\\React\\src\\utils\\useOnlineStatus.js","statementMap":{"0":{"start":{"line":3,"column":24},"end":{"line":15,"column":1}},"1":{"start":{"line":4,"column":42},"end":{"line":4,"column":56}},"2":{"start":{"line":5,"column":2},"end":{"line":12,"column":9}},"3":{"start":{"line":6,"column":4},"end":{"line":8,"column":7}},"4":{"start":{"line":7,"column":6},"end":{"line":7,"column":29}},"5":{"start":{"line":9,"column":4},"end":{"line":11,"column":7}},"6":{"start":{"line":10,"column":6},"end":{"line":10,"column":28}},"7":{"start":{"line":14,"column":2},"end":{"line":14,"column":22}}},"fnMap":{"0":{"name":"(anonymous_0)","decl":{"start":{"line":3,"column":24},"end":{"line":3,"column":25}},"loc":{"start":{"line":3,"column":30},"end":{"line":15,"column":1}},"line":3},"1":{"name":"(anonymous_1)","decl":{"start":{"line":5,"column":12},"end":{"line":5,"column":13}},"loc":{"start":{"line":5,"column":18},"end":{"line":12,"column":3}},"line":5},"2":{"name":"(anonymous_2)","decl":{"start":{"line":6,"column":39},"end":{"line":6,"column":40}},"loc":{"start":{"line":6,"column":45},"end":{"line":8,"column":5}},"line":6},"3":{"name":"(anonymous_3)","decl":{"start":{"line":9,"column":38},"end":{"line":9,"column":39}},"loc":{"start":{"line":9,"column":44},"end":{"line":11,"column":5}},"line":9}},"branchMap":{},"s":{"0":1,"1":2,"2":2,"3":1,"4":0,"5":1,"6":0,"7":2},"f":{"0":2,"1":1,"2":0,"3":0},"b":{},"_coverageSchema":"1a1c01bbd47fc00a2c39e90264f33305004495a9","hash":"554de56a606f71438ef3991d18aab253011cee5c"}
}
