TN:
SF:src\components\Body.js
FN:10,(anonymous_0)
FN:15,(anonymous_1)
FN:19,(anonymous_2)
FN:29,(anonymous_3)
FN:31,(anonymous_4)
FN:57,(anonymous_5)
FN:65,(anonymous_6)
FNF:7
FNH:3
FNDA:2,(anonymous_0)
FNDA:1,(anonymous_1)
FNDA:1,(anonymous_2)
FNDA:0,(anonymous_3)
FNDA:0,(anonymous_4)
FNDA:0,(anonymous_5)
FNDA:0,(anonymous_6)
DA:10,1
DA:11,2
DA:12,2
DA:13,2
DA:15,2
DA:16,1
DA:19,2
DA:20,1
DA:21,1
DA:23,1
DA:25,1
DA:26,1
DA:29,2
DA:30,0
DA:32,0
DA:38,0
DA:41,2
DA:42,2
DA:43,2
DA:44,0
DA:47,2
DA:48,2
DA:50,0
DA:57,0
DA:66,0
LF:25
LH:18
BRDA:23,0,0,1
BRDA:23,0,1,1
BRDA:32,1,0,0
BRDA:32,1,1,0
BRDA:38,2,0,0
BRDA:38,2,1,0
BRDA:43,3,0,0
BRDA:43,3,1,2
BRDA:47,4,0,2
BRDA:47,4,1,0
BRF:10
BRH:4
end_of_record
TN:
SF:src\components\RestaurentCard.js
FN:3,(anonymous_0)
FNF:1
FNH:0
FNDA:0,(anonymous_0)
DA:3,1
DA:4,0
DA:5,0
DA:9,0
LF:4
LH:1
BRF:0
BRH:0
end_of_record
TN:
SF:src\components\Shimmer.js
FN:1,(anonymous_0)
FN:4,(anonymous_1)
FNF:2
FNH:2
FNDA:2,(anonymous_0)
FNDA:20,(anonymous_1)
DA:1,1
DA:2,2
DA:5,20
LF:3
LH:3
BRF:0
BRH:0
end_of_record
TN:
SF:src\components\SignIn.js
FN:3,(anonymous_0)
FNF:1
FNH:1
FNDA:1,(anonymous_0)
DA:3,1
DA:4,1
LF:2
LH:2
BRF:0
BRH:0
end_of_record
TN:
SF:src\utils\constants.js
FNF:0
FNH:0
DA:2,1
DA:5,1
DA:8,1
DA:11,1
DA:13,1
DA:16,1
LF:6
LH:6
BRF:0
BRH:0
end_of_record
TN:
SF:src\utils\useOnlineStatus.js
FN:3,(anonymous_0)
FN:5,(anonymous_1)
FN:6,(anonymous_2)
FN:9,(anonymous_3)
FNF:4
FNH:2
FNDA:2,(anonymous_0)
FNDA:1,(anonymous_1)
FNDA:0,(anonymous_2)
FNDA:0,(anonymous_3)
DA:3,1
DA:4,2
DA:5,2
DA:6,1
DA:7,0
DA:9,1
DA:10,0
DA:14,2
LF:8
LH:6
BRF:0
BRH:0
end_of_record
